Code       Position 1 Position 2 
var        0                     
           0                     
id         7          1          
,          0                     
id         3          1          
,          0                     
id         8          1          
:          0                     
int        0                     
;          0                     
\ n        0                     
read       0                     
           0                     
(          0                     
id         7          1          
)          0                     
;          0                     
\ n        0                     
if         0                     
           0                     
(          0                     
id         7          1          
<=         0                     
const      9          1          
)          0                     
{          0                     
\ n        0                     
           0                     
           0                     
           0                     
           0                     
write      0                     
(          0                     
"          0                     
const      6          1          
"          0                     
)          0                     
;          0                     
\ n        0                     
}          0                     
\ n        0                     
else       0                     
{          0                     
\ n        0                     
           0                     
           0                     
           0                     
           0                     
if         0                     
           0                     
(          0                     
id         7          1          
==         0                     
const      0          1          
)          0                     
{          0                     
\ n        0                     
           0                     
           0                     
           0                     
           0                     
           0                     
           0                     
           0                     
           0                     
write      0                     
(          0                     
"          0                     
const      9          2          
"          0                     
)          0                     
;          0                     
\ n        0                     
           0                     
           0                     
           0                     
           0                     
}          0                     
\ n        0                     
           0                     
           0                     
           0                     
           0                     
else       0                     
{          0                     
\ n        0                     
           0                     
           0                     
           0                     
           0                     
           0                     
           0                     
           0                     
           0                     
id         13         1          
=          0                     
const      8          2          
;          0                     
\ n        0                     
           0                     
           0                     
           0                     
           0                     
           0                     
           0                     
           0                     
           0                     
id         8          1          
=          0                     
const      10         1          
;          0                     
\ n        0                     
           0                     
           0                     
           0                     
           0                     
           0                     
           0                     
           0                     
           0                     
while      0                     
(          0                     
id         8          1          
<          0                     
id         17         1          
)          0                     
{          0                     
\ n        0                     
           0                     
           0                     
           0                     
           0                     
           0                     
           0                     
           0                     
           0                     
           0                     
           0                     
           0                     
           0                     
if         0                     
(          0                     
id         17         1          
%          0                     
id         8          1          
==         0                     
const      8          2          
)          0                     
{          0                     
\ n        0                     
           0                     
           0                     
           0                     
           0                     
           0                     
           0                     
           0                     
           0                     
           0                     
           0                     
           0                     
           0                     
           0                     
           0                     
           0                     
           0                     
id         13         1          
+=         0                     
const      9          1          
\ n        0                     
           0                     
           0                     
           0                     
           0                     
           0                     
           0                     
           0                     
           0                     
           0                     
           0                     
           0                     
           0                     
}          0                     
\ n        0                     
           0                     
           0                     
           0                     
           0                     
           0                     
           0                     
           0                     
           0                     
           0                     
           0                     
           0                     
           0                     
id         8          1          
+=         0                     
const      9          1          
\ n        0                     
           0                     
           0                     
           0                     
           0                     
           0                     
           0                     
           0                     
           0                     
}          0                     
\ n        0                     
           0                     
           0                     
           0                     
           0                     
           0                     
           0                     
           0                     
           0                     
if         0                     
           0                     
(          0                     
id         13         1          
!          0                     
=          0                     
const      8          2          
)          0                     
{          0                     
\ n        0                     
           0                     
           0                     
           0                     
           0                     
           0                     
           0                     
           0                     
           0                     
           0                     
           0                     
           0                     
           0                     
write      0                     
(          0                     
"          0                     
const      9          2          
"          0                     
)          0                     
;          0                     
\ n        0                     
           0                     
           0                     
           0                     
           0                     
           0                     
           0                     
           0                     
           0                     
}          0                     
\ n        0                     
           0                     
           0                     
           0                     
           0                     
           0                     
           0                     
           0                     
           0                     
else       0                     
{          0                     
\ n        0                     
           0                     
           0                     
           0                     
           0                     
           0                     
           0                     
           0                     
           0                     
           0                     
           0                     
           0                     
           0                     
write      0                     
(          0                     
"          0                     
const      6          1          
"          0                     
)          0                     
;          0                     
\ n        0                     
           0                     
           0                     
           0                     
           0                     
           0                     
           0                     
           0                     
           0                     
}          0                     
\ n        0                     
           0                     
           0                     
           0                     
           0                     
}          0                     
\ n        0                     
}          0                     
