     1                                  bits 32 ; assembling for the 32 bits architecture
     2                                  
     3                                  ; declare the EntryPoint (a label defining the very first instruction of the program)
     4                                  global start        
     5                                  
     6                                  ; declare external functions needed by our program
     7                                  extern exit, fprintf, fread, fclose, fopen              ; tell nasm that exit exists even if we won't be defining it
     8                                  import exit msvcrt.dll
     9                                  import fprintf msvcrt.dll    ; exit is a function that ends the calling process. It is defined in msvcrt.dll
    10                                  import fread msvcrt.dll
    11                                  import fclose msvcrt.dll
    12                                  import fopen msvcrt.dll
    13                                                            ; msvcrt.dll contains exit, printf and all the other important C-runtime specific functions
    14                                  
    15                                  ; our data is declared here (the variables needed by our program)
    16                                  segment data use32 class=data
    17                                      ; ...
    18                                      
    19 00000000 726561645F66726F6D-         filename_read db "read_from_here.txt", 0
    19 00000009 5F686572652E747874-
    19 00000012 00                 
    20 00000013 7200                        acces_mode_read db "r", 0
    21 00000015 FFFFFFFF                    file_read_descriptor dd -1
    22                                      
    23 00000019 77726974655F686572-         filename_write db "write_here.txt", 0
    23 00000022 652E74787400       
    24 00000028 7700                        acces_mode_write db "w", 0
    25 0000002A FFFFFFFF                    file_write_descriptor dd -1
    26 0000002E 257300                      format db "%s", 0
    27                                      
    28                                      len equ 100
    29 00000031 00<rept>                    text times len db 0
    30 00000095 00                          len_text db 0
    31                                      
    32 00000096 00<rept>                    new_text times len db 0
    33 000000FA 00                          contor db 0
    34 000000FB 00                          contor_sentence db 0
    35                                      
    36                                      
    37                                  
    38                                  ; our code starts here
    39                                  segment code use32 class=code
    40                                      start:
    41                                          ; ...
    42                                          
    43 00000000 68[13000000]                    push dword acces_mode_read
    44 00000005 68[00000000]                    push dword filename_read
    45 0000000A FF15[00000000]                  call [fopen]
    46 00000010 83C408                          add esp, 4*2
    47                                          
    48 00000013 A3[15000000]                    mov [file_read_descriptor], eax
    49                                          
    50 00000018 83F800                          cmp eax, 0
    51 0000001B 0F84C0000000                    je final
    52                                          
    53 00000021 FF35[15000000]                  push dword [file_read_descriptor]
    54 00000027 6A64                            push dword len
    55 00000029 6A01                            push dword 1
    56 0000002B 68[31000000]                    push dword text
    57 00000030 FF15[00000000]                  call [fread]
    58 00000036 83C410                          add esp, 4*4
    59                                          
    60 00000039 A3[95000000]                    mov [len_text], eax
    61                                          
    62 0000003E FF35[15000000]                  push dword [file_read_descriptor]
    63 00000044 FF15[00000000]                  call [fclose]
    64 0000004A 83C404                          add esp, 4
    65                                          
    66                                          
    67 0000004D 68[28000000]                    push dword acces_mode_write
    68 00000052 68[19000000]                    push dword filename_write
    69 00000057 FF15[00000000]                  call [fopen]
    70 0000005D 83C408                          add esp, 4*2
    71                                          
    72 00000060 A3[2A000000]                    mov [file_write_descriptor], eax
    73                                              
    74 00000065 B800000000                      mov eax, 0
    75 0000006A BF00000000                      mov edi, 0
    76 0000006F BE[31000000]                    mov esi, text
    77 00000074 8B0D[95000000]                  mov ecx, [len_text]
    78 0000007A FC                              cld
    79                                          
    80                                          going_throught_the_text:
    81                                          
    82 0000007B AC                                  lodsb
    83 0000007C 8887[96000000]                      mov [new_text + edi], al
    84 00000082 47                                  inc edi
    85 00000083 3C21                                cmp al, byte 21h
    86 00000085 7402                                je full_sentence
    87                                              
    88 00000087 EB47                                jmp not_full_sentence
    89                                              
    90                                             
    91                                              full_sentence:
    92 00000089 8005[FA000000]01                        add [contor], byte 1
    93 00000090 8A15[FA000000]                          mov dl, [contor]
    94 00000096 F6C201                                  test dl, 1
    95 00000099 7502                                    jnz good_sentence
    96                                                  
    97 0000009B EB2E                                    jmp not_good_sentence
    98                                                  
    99                                      
   100                                                  good_sentence:
   101 0000009D 89CB                                        mov ebx, ecx
   102                                                      
   103 0000009F C687[96000000]00                            mov [new_text + edi], byte 0
   104                                                      
   105 000000A6 68[96000000]                                push dword new_text
   106 000000AB 68[2E000000]                                push dword format
   107 000000B0 FF35[2A000000]                              push dword [file_write_descriptor]
   108 000000B6 FF15[00000000]                              call [fprintf]
   109 000000BC 83C40C                                      add esp, 4*3
   110                                                      
   111 000000BF 89D9                                        mov ecx, ebx
   112                                                      
   113 000000C1 C705[96000000]0000-                         mov [new_text], dword 0
   113 000000C9 0000               
   114                                                      
   115                                                  not_good_sentence:
   116                                                  
   117 000000CB BF00000000                              mov edi, 0
   118                                              
   119                                              not_full_sentence:
   120                                          
   121 000000D0 E2A9                            loop going_throught_the_text
   122                                          
   123 000000D2 FF35[15000000]                  push dword [file_read_descriptor]
   124 000000D8 FF15[00000000]                  call [fclose]
   125 000000DE 83C404                          add esp, 4
   126                                       
   127                                          final:
   128                                          ; exit(0)
   129 000000E1 6A00                            push    dword 0      ; push the parameter for exit onto the stack
   130 000000E3 FF15[00000000]                  call    [exit]       ; call exit to terminate the program
