  GUI2.cpp
  Op.cpp
  OpExec.cpp
E:\Ubb - Sem 2\Oop\cs-ubbcluj-ro\a10-gogalexandra-1\QtWidgetsApplication1\QtWidgetsApplication1\Entity.h(6,11): error C2011: 'Dog': 'class' type redefinition (compiling source file ..\..\..\a89-gogalexandra-1\new\QtWidgetsApplication1\QtWidgetsApplication1\GUI2.cpp)
E:\Ubb - Sem 2\Oop\cs-ubbcluj-ro\a89-gogalexandra-1\new\QtWidgetsApplication1\QtWidgetsApplication1\Entity.h(6): message : see declaration of 'Dog' (compiling source file ..\..\..\a89-gogalexandra-1\new\QtWidgetsApplication1\QtWidgetsApplication1\GUI2.cpp)
E:\Ubb - Sem 2\Oop\cs-ubbcluj-ro\a10-gogalexandra-1\QtWidgetsApplication1\QtWidgetsApplication1\Entity.h(30,18): error C2084: function 'std::ostream &operator <<(std::ostream &,const Dog &)' already has a body (compiling source file ..\..\..\a89-gogalexandra-1\new\QtWidgetsApplication1\QtWidgetsApplication1\GUI2.cpp)
E:\Ubb - Sem 2\Oop\cs-ubbcluj-ro\a89-gogalexandra-1\new\QtWidgetsApplication1\QtWidgetsApplication1\Entity.h(30): message : see previous definition of '<<' (compiling source file ..\..\..\a89-gogalexandra-1\new\QtWidgetsApplication1\QtWidgetsApplication1\GUI2.cpp)
E:\Ubb - Sem 2\Oop\cs-ubbcluj-ro\a10-gogalexandra-1\QtWidgetsApplication1\QtWidgetsApplication1\Entity.h(31,12): error C2027: use of undefined type 'Dog' (compiling source file ..\..\..\a89-gogalexandra-1\new\QtWidgetsApplication1\QtWidgetsApplication1\GUI2.cpp)
E:\Ubb - Sem 2\Oop\cs-ubbcluj-ro\a89-gogalexandra-1\new\QtWidgetsApplication1\QtWidgetsApplication1\Entity.h(6): message : see declaration of 'Dog' (compiling source file ..\..\..\a89-gogalexandra-1\new\QtWidgetsApplication1\QtWidgetsApplication1\GUI2.cpp)
E:\Ubb - Sem 2\Oop\cs-ubbcluj-ro\a10-gogalexandra-1\QtWidgetsApplication1\QtWidgetsApplication1\Entity.h(32,13): error C2027: use of undefined type 'Dog' (compiling source file ..\..\..\a89-gogalexandra-1\new\QtWidgetsApplication1\QtWidgetsApplication1\GUI2.cpp)
E:\Ubb - Sem 2\Oop\cs-ubbcluj-ro\a89-gogalexandra-1\new\QtWidgetsApplication1\QtWidgetsApplication1\Entity.h(6): message : see declaration of 'Dog' (compiling source file ..\..\..\a89-gogalexandra-1\new\QtWidgetsApplication1\QtWidgetsApplication1\GUI2.cpp)
E:\Ubb - Sem 2\Oop\cs-ubbcluj-ro\a10-gogalexandra-1\QtWidgetsApplication1\QtWidgetsApplication1\Entity.h(33,23): error C2027: use of undefined type 'Dog' (compiling source file ..\..\..\a89-gogalexandra-1\new\QtWidgetsApplication1\QtWidgetsApplication1\GUI2.cpp)
E:\Ubb - Sem 2\Oop\cs-ubbcluj-ro\a89-gogalexandra-1\new\QtWidgetsApplication1\QtWidgetsApplication1\Entity.h(6): message : see declaration of 'Dog' (compiling source file ..\..\..\a89-gogalexandra-1\new\QtWidgetsApplication1\QtWidgetsApplication1\GUI2.cpp)
E:\Ubb - Sem 2\Oop\cs-ubbcluj-ro\a10-gogalexandra-1\QtWidgetsApplication1\QtWidgetsApplication1\Entity.h(34,13): error C2027: use of undefined type 'Dog' (compiling source file ..\..\..\a89-gogalexandra-1\new\QtWidgetsApplication1\QtWidgetsApplication1\GUI2.cpp)
E:\Ubb - Sem 2\Oop\cs-ubbcluj-ro\a89-gogalexandra-1\new\QtWidgetsApplication1\QtWidgetsApplication1\Entity.h(6): message : see declaration of 'Dog' (compiling source file ..\..\..\a89-gogalexandra-1\new\QtWidgetsApplication1\QtWidgetsApplication1\GUI2.cpp)
E:\Ubb - Sem 2\Oop\cs-ubbcluj-ro\a10-gogalexandra-1\QtWidgetsApplication1\QtWidgetsApplication1\Entity.h(38,17): error C2084: function 'std::istream &operator >>(std::istream &,Dog &)' already has a body (compiling source file ..\..\..\a89-gogalexandra-1\new\QtWidgetsApplication1\QtWidgetsApplication1\GUI2.cpp)
E:\Ubb - Sem 2\Oop\cs-ubbcluj-ro\a89-gogalexandra-1\new\QtWidgetsApplication1\QtWidgetsApplication1\Entity.h(38): message : see previous definition of '>>' (compiling source file ..\..\..\a89-gogalexandra-1\new\QtWidgetsApplication1\QtWidgetsApplication1\GUI2.cpp)
E:\Ubb - Sem 2\Oop\cs-ubbcluj-ro\a10-gogalexandra-1\QtWidgetsApplication1\QtWidgetsApplication1\Entity.h(40,12): error C2027: use of undefined type 'Dog' (compiling source file ..\..\..\a89-gogalexandra-1\new\QtWidgetsApplication1\QtWidgetsApplication1\GUI2.cpp)
E:\Ubb - Sem 2\Oop\cs-ubbcluj-ro\a89-gogalexandra-1\new\QtWidgetsApplication1\QtWidgetsApplication1\Entity.h(6): message : see declaration of 'Dog' (compiling source file ..\..\..\a89-gogalexandra-1\new\QtWidgetsApplication1\QtWidgetsApplication1\GUI2.cpp)
E:\Ubb - Sem 2\Oop\cs-ubbcluj-ro\a10-gogalexandra-1\QtWidgetsApplication1\QtWidgetsApplication1\Entity.h(41,12): error C2027: use of undefined type 'Dog' (compiling source file ..\..\..\a89-gogalexandra-1\new\QtWidgetsApplication1\QtWidgetsApplication1\GUI2.cpp)
E:\Ubb - Sem 2\Oop\cs-ubbcluj-ro\a89-gogalexandra-1\new\QtWidgetsApplication1\QtWidgetsApplication1\Entity.h(6): message : see declaration of 'Dog' (compiling source file ..\..\..\a89-gogalexandra-1\new\QtWidgetsApplication1\QtWidgetsApplication1\GUI2.cpp)
E:\Ubb - Sem 2\Oop\cs-ubbcluj-ro\a10-gogalexandra-1\QtWidgetsApplication1\QtWidgetsApplication1\Entity.h(42,12): error C2027: use of undefined type 'Dog' (compiling source file ..\..\..\a89-gogalexandra-1\new\QtWidgetsApplication1\QtWidgetsApplication1\GUI2.cpp)
E:\Ubb - Sem 2\Oop\cs-ubbcluj-ro\a89-gogalexandra-1\new\QtWidgetsApplication1\QtWidgetsApplication1\Entity.h(6): message : see declaration of 'Dog' (compiling source file ..\..\..\a89-gogalexandra-1\new\QtWidgetsApplication1\QtWidgetsApplication1\GUI2.cpp)
E:\Ubb - Sem 2\Oop\cs-ubbcluj-ro\a10-gogalexandra-1\QtWidgetsApplication1\QtWidgetsApplication1\Entity.h(43,12): error C2027: use of undefined type 'Dog' (compiling source file ..\..\..\a89-gogalexandra-1\new\QtWidgetsApplication1\QtWidgetsApplication1\GUI2.cpp)
E:\Ubb - Sem 2\Oop\cs-ubbcluj-ro\a89-gogalexandra-1\new\QtWidgetsApplication1\QtWidgetsApplication1\Entity.h(6): message : see declaration of 'Dog' (compiling source file ..\..\..\a89-gogalexandra-1\new\QtWidgetsApplication1\QtWidgetsApplication1\GUI2.cpp)
E:\Ubb - Sem 2\Oop\cs-ubbcluj-ro\a10-gogalexandra-1\QtWidgetsApplication1\QtWidgetsApplication1\STLVector.h(8,17): error C2011: 'STLVector': 'class' type redefinition (compiling source file ..\..\..\a89-gogalexandra-1\new\QtWidgetsApplication1\QtWidgetsApplication1\GUI2.cpp)
E:\Ubb - Sem 2\Oop\cs-ubbcluj-ro\a89-gogalexandra-1\new\QtWidgetsApplication1\QtWidgetsApplication1\STLVector.h(8): message : see declaration of 'STLVector' (compiling source file ..\..\..\a89-gogalexandra-1\new\QtWidgetsApplication1\QtWidgetsApplication1\GUI2.cpp)
E:\Ubb - Sem 2\Oop\cs-ubbcluj-ro\a10-gogalexandra-1\QtWidgetsApplication1\QtWidgetsApplication1\Repository.h(8,1): error C2011: 'Repository': 'class' type redefinition (compiling source file ..\..\..\a89-gogalexandra-1\new\QtWidgetsApplication1\QtWidgetsApplication1\GUI2.cpp)
E:\Ubb - Sem 2\Oop\cs-ubbcluj-ro\a89-gogalexandra-1\new\QtWidgetsApplication1\QtWidgetsApplication1\Repository.h(7): message : see declaration of 'Repository' (compiling source file ..\..\..\a89-gogalexandra-1\new\QtWidgetsApplication1\QtWidgetsApplication1\GUI2.cpp)
E:\Ubb - Sem 2\Oop\cs-ubbcluj-ro\a10-gogalexandra-1\QtWidgetsApplication1\QtWidgetsApplication1\Repository.h(33,17): error C2084: function 'std::ostream &operator <<(std::ostream &,const Repository &)' already has a body (compiling source file ..\..\..\a89-gogalexandra-1\new\QtWidgetsApplication1\QtWidgetsApplication1\GUI2.cpp)
E:\Ubb - Sem 2\Oop\cs-ubbcluj-ro\a89-gogalexandra-1\new\QtWidgetsApplication1\QtWidgetsApplication1\Repository.h(33): message : see previous definition of '<<' (compiling source file ..\..\..\a89-gogalexandra-1\new\QtWidgetsApplication1\QtWidgetsApplication1\GUI2.cpp)
E:\Ubb - Sem 2\Oop\cs-ubbcluj-ro\a10-gogalexandra-1\QtWidgetsApplication1\QtWidgetsApplication1\Repository.h(34,21): error C2027: use of undefined type 'Repository' (compiling source file ..\..\..\a89-gogalexandra-1\new\QtWidgetsApplication1\QtWidgetsApplication1\GUI2.cpp)
E:\Ubb - Sem 2\Oop\cs-ubbcluj-ro\a89-gogalexandra-1\new\QtWidgetsApplication1\QtWidgetsApplication1\Repository.h(7): message : see declaration of 'Repository' (compiling source file ..\..\..\a89-gogalexandra-1\new\QtWidgetsApplication1\QtWidgetsApplication1\GUI2.cpp)
E:\Ubb - Sem 2\Oop\cs-ubbcluj-ro\a10-gogalexandra-1\QtWidgetsApplication1\QtWidgetsApplication1\Repository.h(36,12): error C2264: 'operator <<': error in function definition or declaration; function not called (compiling source file ..\..\..\a89-gogalexandra-1\new\QtWidgetsApplication1\QtWidgetsApplication1\GUI2.cpp)
E:\Ubb - Sem 2\Oop\cs-ubbcluj-ro\a10-gogalexandra-1\QtWidgetsApplication1\QtWidgetsApplication1\Repository.h(36,6): error C2088: '<<': illegal for class (compiling source file ..\..\..\a89-gogalexandra-1\new\QtWidgetsApplication1\QtWidgetsApplication1\GUI2.cpp)
E:\Ubb - Sem 2\Oop\cs-ubbcluj-ro\a10-gogalexandra-1\QtWidgetsApplication1\QtWidgetsApplication1\TextRepo.h(4,16): error C2011: 'TextRepo': 'class' type redefinition (compiling source file ..\..\..\a89-gogalexandra-1\new\QtWidgetsApplication1\QtWidgetsApplication1\GUI2.cpp)
E:\Ubb - Sem 2\Oop\cs-ubbcluj-ro\a89-gogalexandra-1\new\QtWidgetsApplication1\QtWidgetsApplication1\TextRepo.h(4): message : see declaration of 'TextRepo' (compiling source file ..\..\..\a89-gogalexandra-1\new\QtWidgetsApplication1\QtWidgetsApplication1\GUI2.cpp)
E:\Ubb - Sem 2\Oop\cs-ubbcluj-ro\a10-gogalexandra-1\QtWidgetsApplication1\QtWidgetsApplication1\Op.h(16,9): error C2079: 'AddOperation::d' uses undefined class 'Dog' (compiling source file ..\..\..\a89-gogalexandra-1\new\QtWidgetsApplication1\QtWidgetsApplication1\GUI2.cpp)
E:\Ubb - Sem 2\Oop\cs-ubbcluj-ro\a10-gogalexandra-1\QtWidgetsApplication1\QtWidgetsApplication1\Op.h(20,45): error C2027: use of undefined type 'Dog' (compiling source file ..\..\..\a89-gogalexandra-1\new\QtWidgetsApplication1\QtWidgetsApplication1\GUI2.cpp)
E:\Ubb - Sem 2\Oop\cs-ubbcluj-ro\a89-gogalexandra-1\new\QtWidgetsApplication1\QtWidgetsApplication1\Entity.h(6): message : see declaration of 'Dog' (compiling source file ..\..\..\a89-gogalexandra-1\new\QtWidgetsApplication1\QtWidgetsApplication1\GUI2.cpp)
E:\Ubb - Sem 2\Oop\cs-ubbcluj-ro\a10-gogalexandra-1\QtWidgetsApplication1\QtWidgetsApplication1\Op.h(20,17): error C2439: 'AddOperation::d': member could not be initialized (compiling source file ..\..\..\a89-gogalexandra-1\new\QtWidgetsApplication1\QtWidgetsApplication1\GUI2.cpp)
E:\Ubb - Sem 2\Oop\cs-ubbcluj-ro\a10-gogalexandra-1\QtWidgetsApplication1\QtWidgetsApplication1\Op.h(16): message : see declaration of 'AddOperation::d' (compiling source file ..\..\..\a89-gogalexandra-1\new\QtWidgetsApplication1\QtWidgetsApplication1\GUI2.cpp)
E:\Ubb - Sem 2\Oop\cs-ubbcluj-ro\a10-gogalexandra-1\QtWidgetsApplication1\QtWidgetsApplication1\Op.h(30,9): error C2079: 'DeleteOperation::d' uses undefined class 'Dog' (compiling source file ..\..\..\a89-gogalexandra-1\new\QtWidgetsApplication1\QtWidgetsApplication1\GUI2.cpp)
E:\Ubb - Sem 2\Oop\cs-ubbcluj-ro\a10-gogalexandra-1\QtWidgetsApplication1\QtWidgetsApplication1\Op.h(34,48): error C2027: use of undefined type 'Dog' (compiling source file ..\..\..\a89-gogalexandra-1\new\QtWidgetsApplication1\QtWidgetsApplication1\GUI2.cpp)
E:\Ubb - Sem 2\Oop\cs-ubbcluj-ro\a89-gogalexandra-1\new\QtWidgetsApplication1\QtWidgetsApplication1\Entity.h(6): message : see declaration of 'Dog' (compiling source file ..\..\..\a89-gogalexandra-1\new\QtWidgetsApplication1\QtWidgetsApplication1\GUI2.cpp)
E:\Ubb - Sem 2\Oop\cs-ubbcluj-ro\a10-gogalexandra-1\QtWidgetsApplication1\QtWidgetsApplication1\Op.h(34,20): error C2439: 'DeleteOperation::d': member could not be initialized (compiling source file ..\..\..\a89-gogalexandra-1\new\QtWidgetsApplication1\QtWidgetsApplication1\GUI2.cpp)
E:\Ubb - Sem 2\Oop\cs-ubbcluj-ro\a10-gogalexandra-1\QtWidgetsApplication1\QtWidgetsApplication1\Op.h(30): message : see declaration of 'DeleteOperation::d' (compiling source file ..\..\..\a89-gogalexandra-1\new\QtWidgetsApplication1\QtWidgetsApplication1\GUI2.cpp)
E:\Ubb - Sem 2\Oop\cs-ubbcluj-ro\a10-gogalexandra-1\QtWidgetsApplication1\QtWidgetsApplication1\Op.h(44,9): error C2079: 'UpdateOperation::prev' uses undefined class 'Dog' (compiling source file ..\..\..\a89-gogalexandra-1\new\QtWidgetsApplication1\QtWidgetsApplication1\GUI2.cpp)
E:\Ubb - Sem 2\Oop\cs-ubbcluj-ro\a10-gogalexandra-1\QtWidgetsApplication1\QtWidgetsApplication1\Op.h(45,9): error C2079: 'UpdateOperation::current' uses undefined class 'Dog' (compiling source file ..\..\..\a89-gogalexandra-1\new\QtWidgetsApplication1\QtWidgetsApplication1\GUI2.cpp)
E:\Ubb - Sem 2\Oop\cs-ubbcluj-ro\a10-gogalexandra-1\QtWidgetsApplication1\QtWidgetsApplication1\Op.h(49,72): error C2027: use of undefined type 'Dog' (compiling source file ..\..\..\a89-gogalexandra-1\new\QtWidgetsApplication1\QtWidgetsApplication1\GUI2.cpp)
E:\Ubb - Sem 2\Oop\cs-ubbcluj-ro\a89-gogalexandra-1\new\QtWidgetsApplication1\QtWidgetsApplication1\Entity.h(6): message : see declaration of 'Dog' (compiling source file ..\..\..\a89-gogalexandra-1\new\QtWidgetsApplication1\QtWidgetsApplication1\GUI2.cpp)
E:\Ubb - Sem 2\Oop\cs-ubbcluj-ro\a10-gogalexandra-1\QtWidgetsApplication1\QtWidgetsApplication1\Op.h(49,20): error C2439: 'UpdateOperation::prev': member could not be initialized (compiling source file ..\..\..\a89-gogalexandra-1\new\QtWidgetsApplication1\QtWidgetsApplication1\GUI2.cpp)
E:\Ubb - Sem 2\Oop\cs-ubbcluj-ro\a10-gogalexandra-1\QtWidgetsApplication1\QtWidgetsApplication1\Op.h(44): message : see declaration of 'UpdateOperation::prev' (compiling source file ..\..\..\a89-gogalexandra-1\new\QtWidgetsApplication1\QtWidgetsApplication1\GUI2.cpp)
E:\Ubb - Sem 2\Oop\cs-ubbcluj-ro\a10-gogalexandra-1\QtWidgetsApplication1\QtWidgetsApplication1\Op.h(49,91): error C2027: use of undefined type 'Dog' (compiling source file ..\..\..\a89-gogalexandra-1\new\QtWidgetsApplication1\QtWidgetsApplication1\GUI2.cpp)
E:\Ubb - Sem 2\Oop\cs-ubbcluj-ro\a89-gogalexandra-1\new\QtWidgetsApplication1\QtWidgetsApplication1\Entity.h(6): message : see declaration of 'Dog' (compiling source file ..\..\..\a89-gogalexandra-1\new\QtWidgetsApplication1\QtWidgetsApplication1\GUI2.cpp)
E:\Ubb - Sem 2\Oop\cs-ubbcluj-ro\a10-gogalexandra-1\QtWidgetsApplication1\QtWidgetsApplication1\Op.h(49,20): error C2439: 'UpdateOperation::current': member could not be initialized (compiling source file ..\..\..\a89-gogalexandra-1\new\QtWidgetsApplication1\QtWidgetsApplication1\GUI2.cpp)
E:\Ubb - Sem 2\Oop\cs-ubbcluj-ro\a10-gogalexandra-1\QtWidgetsApplication1\QtWidgetsApplication1\Op.h(45): message : see declaration of 'UpdateOperation::current' (compiling source file ..\..\..\a89-gogalexandra-1\new\QtWidgetsApplication1\QtWidgetsApplication1\GUI2.cpp)
E:\Ubb - Sem 2\Oop\cs-ubbcluj-ro\a89-gogalexandra-1\new\QtWidgetsApplication1\QtWidgetsApplication1\GUI2.h(22,11): error C2079: 'GUI::textrepo' uses undefined class 'TextRepo' (compiling source file ..\..\..\a89-gogalexandra-1\new\QtWidgetsApplication1\QtWidgetsApplication1\GUI2.cpp)
E:\Ubb - Sem 2\Oop\cs-ubbcluj-ro\a89-gogalexandra-1\new\QtWidgetsApplication1\QtWidgetsApplication1\GUI2.h(22,47): error C2440: 'initializing': cannot convert from 'initializer list' to 'int' (compiling source file ..\..\..\a89-gogalexandra-1\new\QtWidgetsApplication1\QtWidgetsApplication1\GUI2.cpp)
E:\Ubb - Sem 2\Oop\cs-ubbcluj-ro\a89-gogalexandra-1\new\QtWidgetsApplication1\QtWidgetsApplication1\GUI2.h(22,19): message : The initializer contains too many elements (compiling source file ..\..\..\a89-gogalexandra-1\new\QtWidgetsApplication1\QtWidgetsApplication1\GUI2.cpp)
E:\Ubb - Sem 2\Oop\cs-ubbcluj-ro\a89-gogalexandra-1\new\QtWidgetsApplication1\QtWidgetsApplication1\GUI2.h(22,47): error C2439: 'GUI::textrepo': member could not be initialized (compiling source file ..\..\..\a89-gogalexandra-1\new\QtWidgetsApplication1\QtWidgetsApplication1\GUI2.cpp)
E:\Ubb - Sem 2\Oop\cs-ubbcluj-ro\a89-gogalexandra-1\new\QtWidgetsApplication1\QtWidgetsApplication1\GUI2.h(22): message : see declaration of 'GUI::textrepo' (compiling source file ..\..\..\a89-gogalexandra-1\new\QtWidgetsApplication1\QtWidgetsApplication1\GUI2.cpp)
E:\Ubb - Sem 2\Oop\cs-ubbcluj-ro\a89-gogalexandra-1\new\QtWidgetsApplication1\QtWidgetsApplication1\GUI2.h(24,36): error C2664: 'Service::Service(TextRepo *,TextAdoptions *)': cannot convert argument 1 from 'int *' to 'TextRepo *' (compiling source file ..\..\..\a89-gogalexandra-1\new\QtWidgetsApplication1\QtWidgetsApplication1\GUI2.cpp)
E:\Ubb - Sem 2\Oop\cs-ubbcluj-ro\a89-gogalexandra-1\new\QtWidgetsApplication1\QtWidgetsApplication1\GUI2.h(24,13): message : Types pointed to are unrelated; conversion requires reinterpret_cast, C-style cast or function-style cast (compiling source file ..\..\..\a89-gogalexandra-1\new\QtWidgetsApplication1\QtWidgetsApplication1\GUI2.cpp)
E:\Ubb - Sem 2\Oop\cs-ubbcluj-ro\a89-gogalexandra-1\new\QtWidgetsApplication1\QtWidgetsApplication1\Service.h(19,2): message : see declaration of 'Service::Service' (compiling source file ..\..\..\a89-gogalexandra-1\new\QtWidgetsApplication1\QtWidgetsApplication1\GUI2.cpp)
E:\Ubb - Sem 2\Oop\cs-ubbcluj-ro\a89-gogalexandra-1\new\QtWidgetsApplication1\QtWidgetsApplication1\GUI2.cpp(14,25): error C2027: use of undefined type 'STLVector'
E:\Ubb - Sem 2\Oop\cs-ubbcluj-ro\a89-gogalexandra-1\new\QtWidgetsApplication1\QtWidgetsApplication1\STLVector.h(8): message : see declaration of 'STLVector'
E:\Ubb - Sem 2\Oop\cs-ubbcluj-ro\a89-gogalexandra-1\new\QtWidgetsApplication1\QtWidgetsApplication1\GUI2.cpp(14,34): error C2027: use of undefined type 'STLVector'
E:\Ubb - Sem 2\Oop\cs-ubbcluj-ro\a89-gogalexandra-1\new\QtWidgetsApplication1\QtWidgetsApplication1\STLVector.h(8): message : see declaration of 'STLVector'
E:\Ubb - Sem 2\Oop\cs-ubbcluj-ro\a89-gogalexandra-1\new\QtWidgetsApplication1\QtWidgetsApplication1\GUI2.cpp(14,35): error C2027: use of undefined type 'STLVector'
E:\Ubb - Sem 2\Oop\cs-ubbcluj-ro\a89-gogalexandra-1\new\QtWidgetsApplication1\QtWidgetsApplication1\STLVector.h(8): message : see declaration of 'STLVector'
E:\Ubb - Sem 2\Oop\cs-ubbcluj-ro\a89-gogalexandra-1\new\QtWidgetsApplication1\QtWidgetsApplication1\GUI2.cpp(15,18): error C2027: use of undefined type 'Dog'
E:\Ubb - Sem 2\Oop\cs-ubbcluj-ro\a89-gogalexandra-1\new\QtWidgetsApplication1\QtWidgetsApplication1\Entity.h(6): message : see declaration of 'Dog'
E:\Ubb - Sem 2\Oop\cs-ubbcluj-ro\a89-gogalexandra-1\new\QtWidgetsApplication1\QtWidgetsApplication1\GUI2.cpp(16,17): error C2027: use of undefined type 'Dog'
E:\Ubb - Sem 2\Oop\cs-ubbcluj-ro\a89-gogalexandra-1\new\QtWidgetsApplication1\QtWidgetsApplication1\Entity.h(6): message : see declaration of 'Dog'
E:\Ubb - Sem 2\Oop\cs-ubbcluj-ro\a89-gogalexandra-1\new\QtWidgetsApplication1\QtWidgetsApplication1\GUI2.cpp(17,75): error C3536: 'text': cannot be used before it is initialized
E:\Ubb - Sem 2\Oop\cs-ubbcluj-ro\a89-gogalexandra-1\new\QtWidgetsApplication1\QtWidgetsApplication1\GUI2.cpp(17,75): error C2664: 'QString QString::fromStdString(const std::string &)': cannot convert argument 1 from 'int' to 'const std::string &'
E:\Ubb - Sem 2\Oop\cs-ubbcluj-ro\a89-gogalexandra-1\new\QtWidgetsApplication1\QtWidgetsApplication1\GUI2.cpp(17,75): message : Reason: cannot convert from 'int' to 'const std::string'
E:\Ubb - Sem 2\Oop\cs-ubbcluj-ro\a89-gogalexandra-1\new\QtWidgetsApplication1\QtWidgetsApplication1\GUI2.cpp(17,75): message : No constructor could take the source type, or constructor overload resolution was ambiguous
C:\Qt\5.14.2\msvc2017_64\include\QtCore\qstring.h(1506,25): message : see declaration of 'QString::fromStdString' (compiling source file ..\..\..\a89-gogalexandra-1\new\QtWidgetsApplication1\QtWidgetsApplication1\GUI2.cpp)
E:\Ubb - Sem 2\Oop\cs-ubbcluj-ro\a89-gogalexandra-1\new\QtWidgetsApplication1\QtWidgetsApplication1\GUI2.cpp(18,58): error C2664: 'QString QString::fromStdString(const std::string &)': cannot convert argument 1 from 'int' to 'const std::string &'
E:\Ubb - Sem 2\Oop\cs-ubbcluj-ro\a89-gogalexandra-1\new\QtWidgetsApplication1\QtWidgetsApplication1\GUI2.cpp(18,58): message : Reason: cannot convert from 'int' to 'const std::string'
E:\Ubb - Sem 2\Oop\cs-ubbcluj-ro\a89-gogalexandra-1\new\QtWidgetsApplication1\QtWidgetsApplication1\GUI2.cpp(18,58): message : No constructor could take the source type, or constructor overload resolution was ambiguous
C:\Qt\5.14.2\msvc2017_64\include\QtCore\qstring.h(1506,25): message : see declaration of 'QString::fromStdString' (compiling source file ..\..\..\a89-gogalexandra-1\new\QtWidgetsApplication1\QtWidgetsApplication1\GUI2.cpp)
E:\Ubb - Sem 2\Oop\cs-ubbcluj-ro\a89-gogalexandra-1\new\QtWidgetsApplication1\QtWidgetsApplication1\GUI2.cpp(18,59): error C2660: 'QListWidgetItem::setData': function does not take 1 arguments
C:\Qt\5.14.2\msvc2017_64\include\QtWidgets\qlistwidget.h(157,18): message : see declaration of 'QListWidgetItem::setData' (compiling source file ..\..\..\a89-gogalexandra-1\new\QtWidgetsApplication1\QtWidgetsApplication1\GUI2.cpp)
E:\Ubb - Sem 2\Oop\cs-ubbcluj-ro\a89-gogalexandra-1\new\QtWidgetsApplication1\QtWidgetsApplication1\GUI2.cpp(23,25): error C2027: use of undefined type 'STLVector'
E:\Ubb - Sem 2\Oop\cs-ubbcluj-ro\a89-gogalexandra-1\new\QtWidgetsApplication1\QtWidgetsApplication1\STLVector.h(8): message : see declaration of 'STLVector'
E:\Ubb - Sem 2\Oop\cs-ubbcluj-ro\a89-gogalexandra-1\new\QtWidgetsApplication1\QtWidgetsApplication1\GUI2.cpp(23,39): error C2027: use of undefined type 'STLVector'
E:\Ubb - Sem 2\Oop\cs-ubbcluj-ro\a89-gogalexandra-1\new\QtWidgetsApplication1\QtWidgetsApplication1\STLVector.h(8): message : see declaration of 'STLVector'
E:\Ubb - Sem 2\Oop\cs-ubbcluj-ro\a89-gogalexandra-1\new\QtWidgetsApplication1\QtWidgetsApplication1\GUI2.cpp(23,40): error C2027: use of undefined type 'STLVector'
E:\Ubb - Sem 2\Oop\cs-ubbcluj-ro\a89-gogalexandra-1\new\QtWidgetsApplication1\QtWidgetsApplication1\STLVector.h(8): message : see declaration of 'STLVector'
E:\Ubb - Sem 2\Oop\cs-ubbcluj-ro\a89-gogalexandra-1\new\QtWidgetsApplication1\QtWidgetsApplication1\GUI2.cpp(24,18): error C2027: use of undefined type 'Dog'
E:\Ubb - Sem 2\Oop\cs-ubbcluj-ro\a89-gogalexandra-1\new\QtWidgetsApplication1\QtWidgetsApplication1\Entity.h(6): message : see declaration of 'Dog'
E:\Ubb - Sem 2\Oop\cs-ubbcluj-ro\a89-gogalexandra-1\new\QtWidgetsApplication1\QtWidgetsApplication1\GUI2.cpp(25,17): error C2027: use of undefined type 'Dog'
E:\Ubb - Sem 2\Oop\cs-ubbcluj-ro\a89-gogalexandra-1\new\QtWidgetsApplication1\QtWidgetsApplication1\Entity.h(6): message : see declaration of 'Dog'
E:\Ubb - Sem 2\Oop\cs-ubbcluj-ro\a89-gogalexandra-1\new\QtWidgetsApplication1\QtWidgetsApplication1\GUI2.cpp(26,75): error C3536: 'text': cannot be used before it is initialized
E:\Ubb - Sem 2\Oop\cs-ubbcluj-ro\a89-gogalexandra-1\new\QtWidgetsApplication1\QtWidgetsApplication1\GUI2.cpp(26,75): error C2664: 'QString QString::fromStdString(const std::string &)': cannot convert argument 1 from 'int' to 'const std::string &'
E:\Ubb - Sem 2\Oop\cs-ubbcluj-ro\a89-gogalexandra-1\new\QtWidgetsApplication1\QtWidgetsApplication1\GUI2.cpp(26,75): message : Reason: cannot convert from 'int' to 'const std::string'
E:\Ubb - Sem 2\Oop\cs-ubbcluj-ro\a89-gogalexandra-1\new\QtWidgetsApplication1\QtWidgetsApplication1\GUI2.cpp(26,75): message : No constructor could take the source type, or constructor overload resolution was ambiguous
C:\Qt\5.14.2\msvc2017_64\include\QtCore\qstring.h(1506,25): message : see declaration of 'QString::fromStdString' (compiling source file ..\..\..\a89-gogalexandra-1\new\QtWidgetsApplication1\QtWidgetsApplication1\GUI2.cpp)
E:\Ubb - Sem 2\Oop\cs-ubbcluj-ro\a89-gogalexandra-1\new\QtWidgetsApplication1\QtWidgetsApplication1\GUI2.cpp(27,58): error C2664: 'QString QString::fromStdString(const std::string &)': cannot convert argument 1 from 'int' to 'const std::string &'
E:\Ubb - Sem 2\Oop\cs-ubbcluj-ro\a89-gogalexandra-1\new\QtWidgetsApplication1\QtWidgetsApplication1\GUI2.cpp(27,58): message : Reason: cannot convert from 'int' to 'const std::string'
E:\Ubb - Sem 2\Oop\cs-ubbcluj-ro\a89-gogalexandra-1\new\QtWidgetsApplication1\QtWidgetsApplication1\GUI2.cpp(27,58): message : No constructor could take the source type, or constructor overload resolution was ambiguous
C:\Qt\5.14.2\msvc2017_64\include\QtCore\qstring.h(1506,25): message : see declaration of 'QString::fromStdString' (compiling source file ..\..\..\a89-gogalexandra-1\new\QtWidgetsApplication1\QtWidgetsApplication1\GUI2.cpp)
E:\Ubb - Sem 2\Oop\cs-ubbcluj-ro\a89-gogalexandra-1\new\QtWidgetsApplication1\QtWidgetsApplication1\GUI2.cpp(27,59): error C2660: 'QListWidgetItem::setData': function does not take 1 arguments
C:\Qt\5.14.2\msvc2017_64\include\QtWidgets\qlistwidget.h(157,18): message : see declaration of 'QListWidgetItem::setData' (compiling source file ..\..\..\a89-gogalexandra-1\new\QtWidgetsApplication1\QtWidgetsApplication1\GUI2.cpp)
E:\Ubb - Sem 2\Oop\cs-ubbcluj-ro\a89-gogalexandra-1\new\QtWidgetsApplication1\QtWidgetsApplication1\GUI2.cpp(238,26): error C2027: use of undefined type 'STLVector'
E:\Ubb - Sem 2\Oop\cs-ubbcluj-ro\a89-gogalexandra-1\new\QtWidgetsApplication1\QtWidgetsApplication1\STLVector.h(8): message : see declaration of 'STLVector'
E:\Ubb - Sem 2\Oop\cs-ubbcluj-ro\a89-gogalexandra-1\new\QtWidgetsApplication1\QtWidgetsApplication1\GUI2.cpp(238,35): error C2027: use of undefined type 'STLVector'
E:\Ubb - Sem 2\Oop\cs-ubbcluj-ro\a89-gogalexandra-1\new\QtWidgetsApplication1\QtWidgetsApplication1\STLVector.h(8): message : see declaration of 'STLVector'
E:\Ubb - Sem 2\Oop\cs-ubbcluj-ro\a89-gogalexandra-1\new\QtWidgetsApplication1\QtWidgetsApplication1\GUI2.cpp(238,36): error C2027: use of undefined type 'STLVector'
E:\Ubb - Sem 2\Oop\cs-ubbcluj-ro\a89-gogalexandra-1\new\QtWidgetsApplication1\QtWidgetsApplication1\STLVector.h(8): message : see declaration of 'STLVector'
E:\Ubb - Sem 2\Oop\cs-ubbcluj-ro\a89-gogalexandra-1\new\QtWidgetsApplication1\QtWidgetsApplication1\GUI2.cpp(239,50): error C2027: use of undefined type 'Dog'
E:\Ubb - Sem 2\Oop\cs-ubbcluj-ro\a89-gogalexandra-1\new\QtWidgetsApplication1\QtWidgetsApplication1\Entity.h(6): message : see declaration of 'Dog'
E:\Ubb - Sem 2\Oop\cs-ubbcluj-ro\a89-gogalexandra-1\new\QtWidgetsApplication1\QtWidgetsApplication1\GUI2.cpp(241,49): error C2027: use of undefined type 'Dog'
E:\Ubb - Sem 2\Oop\cs-ubbcluj-ro\a89-gogalexandra-1\new\QtWidgetsApplication1\QtWidgetsApplication1\Entity.h(6): message : see declaration of 'Dog'
E:\Ubb - Sem 2\Oop\cs-ubbcluj-ro\a89-gogalexandra-1\new\QtWidgetsApplication1\QtWidgetsApplication1\GUI2.cpp(244,41): error C2027: use of undefined type 'Dog'
E:\Ubb - Sem 2\Oop\cs-ubbcluj-ro\a89-gogalexandra-1\new\QtWidgetsApplication1\QtWidgetsApplication1\Entity.h(6): message : see declaration of 'Dog'
E:\Ubb - Sem 2\Oop\cs-ubbcluj-ro\a89-gogalexandra-1\new\QtWidgetsApplication1\QtWidgetsApplication1\GUI2.cpp(246,50): error C2027: use of undefined type 'Dog'
E:\Ubb - Sem 2\Oop\cs-ubbcluj-ro\a89-gogalexandra-1\new\QtWidgetsApplication1\QtWidgetsApplication1\Entity.h(6): message : see declaration of 'Dog'
E:\Ubb - Sem 2\Oop\cs-ubbcluj-ro\a89-gogalexandra-1\new\QtWidgetsApplication1\QtWidgetsApplication1\GUI2.cpp(284,26): error C2027: use of undefined type 'STLVector'
E:\Ubb - Sem 2\Oop\cs-ubbcluj-ro\a89-gogalexandra-1\new\QtWidgetsApplication1\QtWidgetsApplication1\STLVector.h(8): message : see declaration of 'STLVector'
E:\Ubb - Sem 2\Oop\cs-ubbcluj-ro\a89-gogalexandra-1\new\QtWidgetsApplication1\QtWidgetsApplication1\GUI2.cpp(284,35): error C2027: use of undefined type 'STLVector'
E:\Ubb - Sem 2\Oop\cs-ubbcluj-ro\a89-gogalexandra-1\new\QtWidgetsApplication1\QtWidgetsApplication1\STLVector.h(8): message : see declaration of 'STLVector'
E:\Ubb - Sem 2\Oop\cs-ubbcluj-ro\a89-gogalexandra-1\new\QtWidgetsApplication1\QtWidgetsApplication1\GUI2.cpp(284,36): error C2027: use of undefined type 'STLVector'
E:\Ubb - Sem 2\Oop\cs-ubbcluj-ro\a89-gogalexandra-1\new\QtWidgetsApplication1\QtWidgetsApplication1\STLVector.h(8): message : see declaration of 'STLVector'
E:\Ubb - Sem 2\Oop\cs-ubbcluj-ro\a89-gogalexandra-1\new\QtWidgetsApplication1\QtWidgetsApplication1\GUI2.cpp(285,25): error C2027: use of undefined type 'Dog'
E:\Ubb - Sem 2\Oop\cs-ubbcluj-ro\a89-gogalexandra-1\new\QtWidgetsApplication1\QtWidgetsApplication1\Entity.h(6): message : see declaration of 'Dog'
E:\Ubb - Sem 2\Oop\cs-ubbcluj-ro\a89-gogalexandra-1\new\QtWidgetsApplication1\QtWidgetsApplication1\GUI2.cpp(354,27): error C2027: use of undefined type 'STLVector'
E:\Ubb - Sem 2\Oop\cs-ubbcluj-ro\a89-gogalexandra-1\new\QtWidgetsApplication1\QtWidgetsApplication1\STLVector.h(8): message : see declaration of 'STLVector'
E:\Ubb - Sem 2\Oop\cs-ubbcluj-ro\a89-gogalexandra-1\new\QtWidgetsApplication1\QtWidgetsApplication1\GUI2.cpp(354,1): error C2027: use of undefined type 'STLVector'
E:\Ubb - Sem 2\Oop\cs-ubbcluj-ro\a89-gogalexandra-1\new\QtWidgetsApplication1\QtWidgetsApplication1\STLVector.h(8): message : see declaration of 'STLVector'
E:\Ubb - Sem 2\Oop\cs-ubbcluj-ro\a89-gogalexandra-1\new\QtWidgetsApplication1\QtWidgetsApplication1\GUI2.cpp(355,1): error C2027: use of undefined type 'Dog'
E:\Ubb - Sem 2\Oop\cs-ubbcluj-ro\a89-gogalexandra-1\new\QtWidgetsApplication1\QtWidgetsApplication1\Entity.h(6): message : see declaration of 'Dog'
E:\Ubb - Sem 2\Oop\cs-ubbcluj-ro\a89-gogalexandra-1\new\QtWidgetsApplication1\QtWidgetsApplication1\GUI2.cpp(356,1): error C2027: use of undefined type 'Dog'
E:\Ubb - Sem 2\Oop\cs-ubbcluj-ro\a89-gogalexandra-1\new\QtWidgetsApplication1\QtWidgetsApplication1\Entity.h(6): message : see declaration of 'Dog'
E:\Ubb - Sem 2\Oop\cs-ubbcluj-ro\a89-gogalexandra-1\new\QtWidgetsApplication1\QtWidgetsApplication1\GUI2.cpp(357,1): error C2027: use of undefined type 'Dog'
E:\Ubb - Sem 2\Oop\cs-ubbcluj-ro\a89-gogalexandra-1\new\QtWidgetsApplication1\QtWidgetsApplication1\Entity.h(6): message : see declaration of 'Dog'
E:\Ubb - Sem 2\Oop\cs-ubbcluj-ro\a89-gogalexandra-1\new\QtWidgetsApplication1\QtWidgetsApplication1\GUI2.cpp(358,1): error C2027: use of undefined type 'Dog'
E:\Ubb - Sem 2\Oop\cs-ubbcluj-ro\a89-gogalexandra-1\new\QtWidgetsApplication1\QtWidgetsApplication1\Entity.h(6): message : see declaration of 'Dog'
E:\Ubb - Sem 2\Oop\cs-ubbcluj-ro\a89-gogalexandra-1\new\QtWidgetsApplication1\QtWidgetsApplication1\GUI2.cpp(385,14): error C2079: 'd' uses undefined class 'STLVector'
E:\Ubb - Sem 2\Oop\cs-ubbcluj-ro\a89-gogalexandra-1\new\QtWidgetsApplication1\QtWidgetsApplication1\GUI2.cpp(385,25): error C2027: use of undefined type 'STLVector'
E:\Ubb - Sem 2\Oop\cs-ubbcluj-ro\a89-gogalexandra-1\new\QtWidgetsApplication1\QtWidgetsApplication1\STLVector.h(8): message : see declaration of 'STLVector'
E:\Ubb - Sem 2\Oop\cs-ubbcluj-ro\a89-gogalexandra-1\new\QtWidgetsApplication1\QtWidgetsApplication1\GUI2.cpp(385,1): error C2027: use of undefined type 'STLVector'
E:\Ubb - Sem 2\Oop\cs-ubbcluj-ro\a89-gogalexandra-1\new\QtWidgetsApplication1\QtWidgetsApplication1\STLVector.h(8): message : see declaration of 'STLVector'
E:\Ubb - Sem 2\Oop\cs-ubbcluj-ro\a89-gogalexandra-1\new\QtWidgetsApplication1\QtWidgetsApplication1\GUI2.cpp(385,16): error C2027: use of undefined type 'STLVector'
E:\Ubb - Sem 2\Oop\cs-ubbcluj-ro\a89-gogalexandra-1\new\QtWidgetsApplication1\QtWidgetsApplication1\STLVector.h(8): message : see declaration of 'STLVector'
E:\Ubb - Sem 2\Oop\cs-ubbcluj-ro\a89-gogalexandra-1\new\QtWidgetsApplication1\QtWidgetsApplication1\GUI2.cpp(386,1): error C2530: 'it': references must be initialized
E:\Ubb - Sem 2\Oop\cs-ubbcluj-ro\a89-gogalexandra-1\new\QtWidgetsApplication1\QtWidgetsApplication1\GUI2.cpp(386,1): error C3531: 'it': a symbol whose type contains 'auto' must have an initializer
E:\Ubb - Sem 2\Oop\cs-ubbcluj-ro\a89-gogalexandra-1\new\QtWidgetsApplication1\QtWidgetsApplication1\GUI2.cpp(386,18): error C2143: syntax error: missing ';' before ':'
E:\Ubb - Sem 2\Oop\cs-ubbcluj-ro\a89-gogalexandra-1\new\QtWidgetsApplication1\QtWidgetsApplication1\GUI2.cpp(386,30): error C2143: syntax error: missing ';' before ')'
E:\Ubb - Sem 2\Oop\cs-ubbcluj-ro\a89-gogalexandra-1\new\QtWidgetsApplication1\QtWidgetsApplication1\GUI2.cpp(388,1): error C3536: 'text': cannot be used before it is initialized
E:\Ubb - Sem 2\Oop\cs-ubbcluj-ro\a89-gogalexandra-1\new\QtWidgetsApplication1\QtWidgetsApplication1\GUI2.cpp(388,1): error C2664: 'QString QString::fromStdString(const std::string &)': cannot convert argument 1 from 'int' to 'const std::string &'
E:\Ubb - Sem 2\Oop\cs-ubbcluj-ro\a89-gogalexandra-1\new\QtWidgetsApplication1\QtWidgetsApplication1\GUI2.cpp(388,1): message : Reason: cannot convert from 'int' to 'const std::string'
E:\Ubb - Sem 2\Oop\cs-ubbcluj-ro\a89-gogalexandra-1\new\QtWidgetsApplication1\QtWidgetsApplication1\GUI2.cpp(388,1): message : No constructor could take the source type, or constructor overload resolution was ambiguous
C:\Qt\5.14.2\msvc2017_64\include\QtCore\qstring.h(1506,25): message : see declaration of 'QString::fromStdString' (compiling source file ..\..\..\a89-gogalexandra-1\new\QtWidgetsApplication1\QtWidgetsApplication1\GUI2.cpp)
E:\Ubb - Sem 2\Oop\cs-ubbcluj-ro\a89-gogalexandra-1\new\QtWidgetsApplication1\QtWidgetsApplication1\GUI2.cpp(389,1): error C2664: 'QString QString::fromStdString(const std::string &)': cannot convert argument 1 from 'int' to 'const std::string &'
E:\Ubb - Sem 2\Oop\cs-ubbcluj-ro\a89-gogalexandra-1\new\QtWidgetsApplication1\QtWidgetsApplication1\GUI2.cpp(389,1): message : Reason: cannot convert from 'int' to 'const std::string'
E:\Ubb - Sem 2\Oop\cs-ubbcluj-ro\a89-gogalexandra-1\new\QtWidgetsApplication1\QtWidgetsApplication1\GUI2.cpp(389,1): message : No constructor could take the source type, or constructor overload resolution was ambiguous
C:\Qt\5.14.2\msvc2017_64\include\QtCore\qstring.h(1506,25): message : see declaration of 'QString::fromStdString' (compiling source file ..\..\..\a89-gogalexandra-1\new\QtWidgetsApplication1\QtWidgetsApplication1\GUI2.cpp)
E:\Ubb - Sem 2\Oop\cs-ubbcluj-ro\a89-gogalexandra-1\new\QtWidgetsApplication1\QtWidgetsApplication1\GUI2.cpp(389,1): error C2660: 'QListWidgetItem::setData': function does not take 1 arguments
C:\Qt\5.14.2\msvc2017_64\include\QtWidgets\qlistwidget.h(157,18): message : see declaration of 'QListWidgetItem::setData' (compiling source file ..\..\..\a89-gogalexandra-1\new\QtWidgetsApplication1\QtWidgetsApplication1\GUI2.cpp)
E:\Ubb - Sem 2\Oop\cs-ubbcluj-ro\a89-gogalexandra-1\new\QtWidgetsApplication1\QtWidgetsApplication1\GUI2.cpp(404,26): error C2027: use of undefined type 'STLVector'
E:\Ubb - Sem 2\Oop\cs-ubbcluj-ro\a89-gogalexandra-1\new\QtWidgetsApplication1\QtWidgetsApplication1\STLVector.h(8): message : see declaration of 'STLVector'
E:\Ubb - Sem 2\Oop\cs-ubbcluj-ro\a89-gogalexandra-1\new\QtWidgetsApplication1\QtWidgetsApplication1\GUI2.cpp(404,1): error C2027: use of undefined type 'STLVector'
E:\Ubb - Sem 2\Oop\cs-ubbcluj-ro\a89-gogalexandra-1\new\QtWidgetsApplication1\QtWidgetsApplication1\STLVector.h(8): message : see declaration of 'STLVector'
E:\Ubb - Sem 2\Oop\cs-ubbcluj-ro\a89-gogalexandra-1\new\QtWidgetsApplication1\QtWidgetsApplication1\GUI2.cpp(405,19): error C2027: use of undefined type 'Dog'
E:\Ubb - Sem 2\Oop\cs-ubbcluj-ro\a89-gogalexandra-1\new\QtWidgetsApplication1\QtWidgetsApplication1\Entity.h(6): message : see declaration of 'Dog'
E:\Ubb - Sem 2\Oop\cs-ubbcluj-ro\a89-gogalexandra-1\new\QtWidgetsApplication1\QtWidgetsApplication1\GUI2.cpp(406,1): error C2027: use of undefined type 'Dog'
E:\Ubb - Sem 2\Oop\cs-ubbcluj-ro\a89-gogalexandra-1\new\QtWidgetsApplication1\QtWidgetsApplication1\Entity.h(6): message : see declaration of 'Dog'
E:\Ubb - Sem 2\Oop\cs-ubbcluj-ro\a89-gogalexandra-1\new\QtWidgetsApplication1\QtWidgetsApplication1\GUI2.cpp(407,1): error C3536: 'text': cannot be used before it is initialized
E:\Ubb - Sem 2\Oop\cs-ubbcluj-ro\a89-gogalexandra-1\new\QtWidgetsApplication1\QtWidgetsApplication1\GUI2.cpp(407,1): error C2664: 'QString QString::fromStdString(const std::string &)': cannot convert argument 1 from 'int' to 'const std::string &'
E:\Ubb - Sem 2\Oop\cs-ubbcluj-ro\a89-gogalexandra-1\new\QtWidgetsApplication1\QtWidgetsApplication1\GUI2.cpp(407,1): message : Reason: cannot convert from 'int' to 'const std::string'
E:\Ubb - Sem 2\Oop\cs-ubbcluj-ro\a89-gogalexandra-1\new\QtWidgetsApplication1\QtWidgetsApplication1\GUI2.cpp(407,1): message : No constructor could take the source type, or constructor overload resolution was ambiguous
C:\Qt\5.14.2\msvc2017_64\include\QtCore\qstring.h(1506,25): message : see declaration of 'QString::fromStdString' (compiling source file ..\..\..\a89-gogalexandra-1\new\QtWidgetsApplication1\QtWidgetsApplication1\GUI2.cpp)
E:\Ubb - Sem 2\Oop\cs-ubbcluj-ro\a89-gogalexandra-1\new\QtWidgetsApplication1\QtWidgetsApplication1\GUI2.cpp(408,1): error C2664: 'QString QString::fromStdString(const std::string &)': cannot convert argument 1 from 'int' to 'const std::string &'
E:\Ubb - Sem 2\Oop\cs-ubbcluj-ro\a89-gogalexandra-1\new\QtWidgetsApplication1\QtWidgetsApplication1\GUI2.cpp(408,1): message : Reason: cannot convert from 'int' to 'const std::string'
E:\Ubb - Sem 2\Oop\cs-ubbcluj-ro\a89-gogalexandra-1\new\QtWidgetsApplication1\QtWidgetsApplication1\GUI2.cpp(408,1): message : No constructor could take the source type, or constructor overload resolution was ambiguous
C:\Qt\5.14.2\msvc2017_64\include\QtCore\qstring.h(1506,25): message : see declaration of 'QString::fromStdString' (compiling source file ..\..\..\a89-gogalexandra-1\new\QtWidgetsApplication1\QtWidgetsApplication1\GUI2.cpp)
E:\Ubb - Sem 2\Oop\cs-ubbcluj-ro\a89-gogalexandra-1\new\QtWidgetsApplication1\QtWidgetsApplication1\GUI2.cpp(408,1): error C2660: 'QListWidgetItem::setData': function does not take 1 arguments
C:\Qt\5.14.2\msvc2017_64\include\QtWidgets\qlistwidget.h(157,18): message : see declaration of 'QListWidgetItem::setData' (compiling source file ..\..\..\a89-gogalexandra-1\new\QtWidgetsApplication1\QtWidgetsApplication1\GUI2.cpp)
E:\Ubb - Sem 2\Oop\cs-ubbcluj-ro\a89-gogalexandra-1\new\QtWidgetsApplication1\QtWidgetsApplication1\GUI2.cpp(462,13): error C2079: 'd' uses undefined class 'STLVector'
E:\Ubb - Sem 2\Oop\cs-ubbcluj-ro\a89-gogalexandra-1\new\QtWidgetsApplication1\QtWidgetsApplication1\GUI2.cpp(462,24): error C2027: use of undefined type 'STLVector'
E:\Ubb - Sem 2\Oop\cs-ubbcluj-ro\a89-gogalexandra-1\new\QtWidgetsApplication1\QtWidgetsApplication1\STLVector.h(8): message : see declaration of 'STLVector'
E:\Ubb - Sem 2\Oop\cs-ubbcluj-ro\a89-gogalexandra-1\new\QtWidgetsApplication1\QtWidgetsApplication1\GUI2.cpp(462,1): error C2027: use of undefined type 'STLVector'
E:\Ubb - Sem 2\Oop\cs-ubbcluj-ro\a89-gogalexandra-1\new\QtWidgetsApplication1\QtWidgetsApplication1\STLVector.h(8): message : see declaration of 'STLVector'
E:\Ubb - Sem 2\Oop\cs-ubbcluj-ro\a89-gogalexandra-1\new\QtWidgetsApplication1\QtWidgetsApplication1\GUI2.cpp(462,15): error C2027: use of undefined type 'STLVector'
E:\Ubb - Sem 2\Oop\cs-ubbcluj-ro\a89-gogalexandra-1\new\QtWidgetsApplication1\QtWidgetsApplication1\STLVector.h(8): message : see declaration of 'STLVector'
E:\Ubb - Sem 2\Oop\cs-ubbcluj-ro\a89-gogalexandra-1\new\QtWidgetsApplication1\QtWidgetsApplication1\GUI2.cpp(463,1): error C2530: 'it': references must be initialized
E:\Ubb - Sem 2\Oop\cs-ubbcluj-ro\a89-gogalexandra-1\new\QtWidgetsApplication1\QtWidgetsApplication1\GUI2.cpp(463,1): error C3531: 'it': a symbol whose type contains 'auto' must have an initializer
E:\Ubb - Sem 2\Oop\cs-ubbcluj-ro\a89-gogalexandra-1\new\QtWidgetsApplication1\QtWidgetsApplication1\GUI2.cpp(463,17): error C2143: syntax error: missing ';' before ':'
E:\Ubb - Sem 2\Oop\cs-ubbcluj-ro\a89-gogalexandra-1\new\QtWidgetsApplication1\QtWidgetsApplication1\GUI2.cpp(463,29): error C2143: syntax error: missing ';' before ')'
E:\Ubb - Sem 2\Oop\cs-ubbcluj-ro\a89-gogalexandra-1\new\QtWidgetsApplication1\QtWidgetsApplication1\GUI2.cpp(465,1): error C3536: 'text': cannot be used before it is initialized
E:\Ubb - Sem 2\Oop\cs-ubbcluj-ro\a89-gogalexandra-1\new\QtWidgetsApplication1\QtWidgetsApplication1\GUI2.cpp(465,1): error C2664: 'QString QString::fromStdString(const std::string &)': cannot convert argument 1 from 'int' to 'const std::string &'
E:\Ubb - Sem 2\Oop\cs-ubbcluj-ro\a89-gogalexandra-1\new\QtWidgetsApplication1\QtWidgetsApplication1\GUI2.cpp(465,1): message : Reason: cannot convert from 'int' to 'const std::string'
E:\Ubb - Sem 2\Oop\cs-ubbcluj-ro\a89-gogalexandra-1\new\QtWidgetsApplication1\QtWidgetsApplication1\GUI2.cpp(465,1): message : No constructor could take the source type, or constructor overload resolution was ambiguous
C:\Qt\5.14.2\msvc2017_64\include\QtCore\qstring.h(1506,25): message : see declaration of 'QString::fromStdString' (compiling source file ..\..\..\a89-gogalexandra-1\new\QtWidgetsApplication1\QtWidgetsApplication1\GUI2.cpp)
E:\Ubb - Sem 2\Oop\cs-ubbcluj-ro\a89-gogalexandra-1\new\QtWidgetsApplication1\QtWidgetsApplication1\GUI2.cpp(466,1): error C2664: 'QString QString::fromStdString(const std::string &)': cannot convert argument 1 from 'int' to 'const std::string &'
E:\Ubb - Sem 2\Oop\cs-ubbcluj-ro\a89-gogalexandra-1\new\QtWidgetsApplication1\QtWidgetsApplication1\GUI2.cpp(466,1): message : Reason: cannot convert from 'int' to 'const std::string'
E:\Ubb - Sem 2\Oop\cs-ubbcluj-ro\a89-gogalexandra-1\new\QtWidgetsApplication1\QtWidgetsApplication1\GUI2.cpp(466,1): message : No constructor could take the source type, or constructor overload resolution was ambiguous
C:\Qt\5.14.2\msvc2017_64\include\QtCore\qstring.h(1506,25): message : see declaration of 'QString::fromStdString' (compiling source file ..\..\..\a89-gogalexandra-1\new\QtWidgetsApplication1\QtWidgetsApplication1\GUI2.cpp)
E:\Ubb - Sem 2\Oop\cs-ubbcluj-ro\a89-gogalexandra-1\new\QtWidgetsApplication1\QtWidgetsApplication1\GUI2.cpp(466,1): error C2660: 'QListWidgetItem::setData': function does not take 1 arguments
E:\Ubb - Sem 2\Oop\cs-ubbcluj-ro\a89-gogalexandra-1\new\QtWidgetsApplication1\QtWidgetsApplication1\GUI2.cpp(466,1): fatal error C1003: error count exceeds 100; stopping compilation
