     1                                  bits 32 ; assembling for the 32 bits architecture
     2                                  
     3                                  ;citim nume fisier si nr nat N intre 0 si 5
     4                                  ;citim text max 100 caractere din fisier
     5                                  ;det si afis cuv de pe multiplii de N + nr vocale
     6                                  ;propozitiile au . si primul cuv se afla pe 1
     7                                  
     8                                  ; declare the EntryPoint (a label defining the very first instruction of the program)
     9                                  global start    
    10                                     
    11                                  
    12                                  ; declare external functions needed by our program
    13                                  extern exit               ; tell nasm that exit exists even if we won't be defining it
    14                                  import exit msvcrt.dll    ; exit is a function that ends the calling process. It is defined in msvcrt.dll
    15                                                            ; msvcrt.dll contains exit, printf and all the other important C-runtime specific functions
    16                                  extern printf,scanf,fopen,fclose,fread 
    17                                  import printf msvcrt.dll
    18                                  import scanf msvcrt.dll
    19                                  import fopen msvcrt.dll
    20                                  import fclose msvcrt.dll
    21                                  import fread msvcrt.dll
    22                                  ; our data is declared here (the variables needed by our program)
    23                                  segment data use32 class=data
    24 00000000 00<rept>                    nume_fis TIMES 30 db 0
    25 0000001E 7200                        mod_acces db "r",0
    26 00000020 257300                      format_fis db "%s",0
    27 00000023 20256400                    format_n db " %d",0
    28 00000027 496E74726F6475206E-         format_pr db "Introdu numele fisierului:",0
    28 00000030 756D656C6520666973-
    28 00000039 696572756C75693A00 
    29 00000042 6E3D2000                    format_prn db "n= ",0
    30 00000046 0A0D00                      endl db 10,13,0
    31 00000049 2000                        spatiu db " ",0
    32 0000004B 00<rept>                    sir TIMES 101 db 0
    33 000000B0 00<rept>                    cuvant TIMES 101 db 0
    34 00000115 FFFFFFFF                    descriptor dd -1
    35 00000119 00000000                    len dd 0
    36 0000011D 00000000                    n dd 0
    37 00000121 0100                        poz dw 1
    38 00000123 00000000                    voc dd 0
    39                                      
    40                                      
    41                                      
    42                                  
    43                                  ; our code starts here
    44                                  segment code use32 class=code
    45                                      evoc:
    46                                      ;eax=1 daca e vocala eax=0 daca nu e
    47                                      
    48 00000000 3C61                            cmp al,'a'
    49 00000002 742B                            je gata
    50                                          
    51 00000004 3C65                            cmp al,'e'
    52 00000006 7427                            je gata
    53                                          
    54 00000008 3C69                            cmp al,'i'
    55 0000000A 7423                            je gata
    56                                          
    57 0000000C 3C6F                            cmp al,'o'
    58 0000000E 741F                            je gata
    59                                          
    60 00000010 3C75                            cmp al,'u'
    61 00000012 741B                            je gata
    62                                          
    63 00000014 3C41                            cmp al,'A'
    64 00000016 7417                            je gata
    65                                          
    66 00000018 3C45                            cmp al,'E'
    67 0000001A 7413                            je gata
    68                                          
    69 0000001C 3C49                            cmp al,'I'
    70 0000001E 740F                            je gata
    71                                          
    72 00000020 3C4F                            cmp al,'O'
    73 00000022 740B                            je gata
    74                                          
    75 00000024 3C45                            cmp al,'E'
    76 00000026 7407                            je gata
    77                                          
    78 00000028 B800000000                      mov eax,0
    79 0000002D EB05                            jmp gata2
    80                                          
    81                                          gata:
    82 0000002F B801000000                      mov eax,1
    83                                          
    84                                          gata2:
    85                                      
    86 00000034 C3                              ret
    87                                  
    88                                      start:
    89                                      
    90 00000035 68[27000000]                   push dword format_pr
    91 0000003A FF15[00000000]                 call [printf]
    92 00000040 83C404                         add esp,4
    93                                         
    94 00000043 68[00000000]                   push dword nume_fis
    95 00000048 68[20000000]                   push dword format_fis
    96 0000004D FF15[00000000]                 call [scanf]
    97 00000053 83C408                         add esp,4*2
    98                                         
    99                                        
   100 00000056 68[42000000]                   push dword format_prn
   101 0000005B FF15[00000000]                 call [printf]
   102 00000061 83C404                         add esp,4
   103                                         
   104                                         
   105 00000064 68[1D010000]                   push dword n
   106 00000069 68[23000000]                   push dword format_n
   107 0000006E FF15[00000000]                 call [scanf]
   108 00000074 83C408                         add esp,4*2
   109                                         
   110 00000077 68[1E000000]                   push dword mod_acces
   111 0000007C 68[00000000]                   push dword nume_fis
   112 00000081 FF15[00000000]                 call [fopen]
   113 00000087 83C408                         add esp,4*2
   114                                         
   115 0000008A 83F800                         cmp eax,0
   116 0000008D 0F84F8000000                   je final
   117                                         
   118 00000093 A3[15010000]                   mov [descriptor],eax
   119                                         
   120 00000098 FF35[15010000]                 push dword [descriptor]
   121 0000009E 6A64                           push dword 100
   122 000000A0 6A01                           push dword 1
   123 000000A2 68[4B000000]                   push dword sir
   124 000000A7 FF15[00000000]                 call [fread]
   125 000000AD 83C410                         add esp, 4*4
   126                                         
   127 000000B0 A3[19010000]                   mov [len],eax
   128                                         
   129                                         ;afisare len
   130 000000B5 FF35[19010000]                 push dword [len]
   131 000000BB 68[23000000]                   push dword format_n
   132 000000C0 FF15[00000000]                 call [printf]
   133 000000C6 83C408                         add esp,4*2
   134                                         
   135                                         ;afisam endl
   136 000000C9 68[46000000]                            push dword endl
   137 000000CE FF15[00000000]                          call [printf]
   138 000000D4 83C404                                  add esp,4
   139                                         
   140                                         
   141                                         ;afisare fis
   142 000000D7 68[4B000000]                   push dword sir
   143 000000DC FF15[00000000]                 call [printf]
   144 000000E2 83C404                         add esp,4
   145                                         
   146                                         ;afisam endl
   147 000000E5 68[46000000]                            push dword endl
   148 000000EA FF15[00000000]                          call [printf]
   149 000000F0 83C404                                  add esp,4
   150                                         
   151                                         ; pana aici e ok
   152                                         
   153 000000F3 8B0D[19010000]                 mov ecx,[len]
   154 000000F9 BE[4B000000]                   mov esi,sir
   155 000000FE BF[B0000000]                   mov edi,cuvant
   156 00000103 FC                             CLD
   157                                         
   158                                         repeta:
   159                                                  
   160 00000104 AC                                  LODSB
   161 00000105 3C20                                cmp al," "
   162 00000107 7416                                je verifica_poz
   163                                              
   164 00000109 3C2E                                cmp al,"."
   165 0000010B 7412                                je verifica_poz
   166                                              
   167 0000010D AA                                  STOSB
   168                                              
   169 0000010E E8EDFEFFFF                          call evoc
   170                                              
   171 00000113 3C00                                cmp al,0
   172 00000115 7406                                je nuevoc
   173 00000117 FE05[23010000]                      inc byte[voc]
   174                                              
   175                                              nuevoc:
   176 0000011D EB5B                                jmp next
   177                                              verifica_poz:
   178 0000011F 66A1[21010000]                          mov ax,[poz]
   179 00000125 F635[1D010000]                          div byte[n]
   180                                                  
   181 0000012B 80FC00                                  cmp ah,0
   182 0000012E 7538                                    jne urm
   183                                                  
   184                                                  ;afisam cuvantul
   185 00000130 C60700                                  mov byte[EDI],0
   186                                            
   187 00000133 68[B0000000]                            push dword cuvant
   188 00000138 68[20000000]                            push dword format_fis
   189 0000013D FF15[00000000]                          call [printf]
   190 00000143 83C408                                  add esp,4*2
   191                                                  
   192                                                  ; afisam space
   193 00000146 FF35[23010000]                          push dword [voc]
   194 0000014C 68[23000000]                            push dword format_n
   195 00000151 FF15[00000000]                          call [printf]
   196 00000157 83C408                                  add esp,4*2
   197                                                  
   198                                                  ;afisam numarul de vocale
   199                                                  
   200                                             
   201                                                  ;afisam endl
   202 0000015A 68[46000000]                            push dword endl
   203 0000015F FF15[00000000]                          call [printf]
   204 00000165 83C404                                  add esp,4
   205                                                  
   206                                                  urm:
   207 00000168 FE05[21010000]                              inc byte[poz]
   208 0000016E C605[23010000]00                            mov byte[voc],0
   209 00000175 BF[B0000000]                                mov edi,cuvant
   210                                              next:  
   211 0000017A E288                           loop repeta
   212                                                
   213                                         
   214                                         
   215 0000017C FF35[15010000]                 push dword [descriptor]
   216 00000182 FF15[00000000]                 call [fclose]
   217 00000188 83C404                         add esp,4
   218                                         
   219                                         final:
   220                                         
   221                                         
   222                                         
   223 0000018B 6A00                            push    dword 0      ; push the parameter for exit onto the stack
   224 0000018D FF15[00000000]                  call    [exit]       ; call exit to terminate the program
