e:\ubb - sem 2\oop\cs-ubbcluj-ro\a45-gogalexandra-1\a45\debug\gmockd.dll
e:\ubb - sem 2\oop\cs-ubbcluj-ro\a45-gogalexandra-1\a45\a45\debug\vc142.pdb
e:\ubb - sem 2\oop\cs-ubbcluj-ro\a45-gogalexandra-1\a45\a45\debug\vc142.idb
e:\ubb - sem 2\oop\cs-ubbcluj-ro\a45-gogalexandra-1\a45\a45\debug\tests.obj
e:\ubb - sem 2\oop\cs-ubbcluj-ro\a45-gogalexandra-1\a45\a45\debug\ui.obj
e:\ubb - sem 2\oop\cs-ubbcluj-ro\a45-gogalexandra-1\a45\a45\debug\test1.obj
e:\ubb - sem 2\oop\cs-ubbcluj-ro\a45-gogalexandra-1\a45\a45\debug\test.obj
e:\ubb - sem 2\oop\cs-ubbcluj-ro\a45-gogalexandra-1\a45\a45\debug\service.obj
e:\ubb - sem 2\oop\cs-ubbcluj-ro\a45-gogalexandra-1\a45\a45\debug\repository.obj
e:\ubb - sem 2\oop\cs-ubbcluj-ro\a45-gogalexandra-1\a45\a45\debug\main.obj
e:\ubb - sem 2\oop\cs-ubbcluj-ro\a45-gogalexandra-1\a45\a45\debug\dynamicvector.obj
e:\ubb - sem 2\oop\cs-ubbcluj-ro\a45-gogalexandra-1\a45\a45\debug\entity.obj
e:\ubb - sem 2\oop\cs-ubbcluj-ro\a45-gogalexandra-1\a45\debug\a45.exe
e:\ubb - sem 2\oop\cs-ubbcluj-ro\a45-gogalexandra-1\a45\debug\a45.ilk
e:\ubb - sem 2\oop\cs-ubbcluj-ro\a45-gogalexandra-1\a45\debug\a45.pdb
e:\ubb - sem 2\oop\cs-ubbcluj-ro\a45-gogalexandra-1\a45\a45\debug\a45.tlog\a45.write.1u.tlog
e:\ubb - sem 2\oop\cs-ubbcluj-ro\a45-gogalexandra-1\a45\a45\debug\a45.tlog\cl.command.1.tlog
e:\ubb - sem 2\oop\cs-ubbcluj-ro\a45-gogalexandra-1\a45\a45\debug\a45.tlog\cl.read.1.tlog
e:\ubb - sem 2\oop\cs-ubbcluj-ro\a45-gogalexandra-1\a45\a45\debug\a45.tlog\cl.write.1.tlog
e:\ubb - sem 2\oop\cs-ubbcluj-ro\a45-gogalexandra-1\a45\a45\debug\a45.tlog\link.command.1.tlog
e:\ubb - sem 2\oop\cs-ubbcluj-ro\a45-gogalexandra-1\a45\a45\debug\a45.tlog\link.read.1.tlog
e:\ubb - sem 2\oop\cs-ubbcluj-ro\a45-gogalexandra-1\a45\a45\debug\a45.tlog\link.write.1.tlog
